{"/Users/dmytrokhmelenko/autoapproval/src/index.ts": {"path":"/Users/dmytrokhmelenko/autoapproval/src/index.ts","statementMap":{"0":{"start":{"line":4,"column":18},"end":{"line":4,"column":42}},"1":{"start":{"line":6,"column":0},"end":{"line":67,"column":1}},"2":{"start":{"line":7,"column":2},"end":{"line":66,"column":4}},"3":{"start":{"line":8,"column":4},"end":{"line":8,"column":20}},"4":{"start":{"line":11,"column":19},"end":{"line":11,"column":63}},"5":{"start":{"line":11,"column":10},"end":{"line":11,"column":63}},"6":{"start":{"line":12,"column":4},"end":{"line":12,"column":40}},"7":{"start":{"line":14,"column":10},"end":{"line":14,"column":43}},"8":{"start":{"line":19,"column":10},"end":{"line":19,"column":72}},"9":{"start":{"line":19,"column":61},"end":{"line":19,"column":71}},"10":{"start":{"line":20,"column":10},"end":{"line":20,"column":53}},"11":{"start":{"line":21,"column":10},"end":{"line":21,"column":119}},"12":{"start":{"line":21,"column":94},"end":{"line":21,"column":118}},"13":{"start":{"line":23,"column":8},"end":{"line":23,"column":39}},"14":{"start":{"line":24,"column":4},"end":{"line":28,"column":5}},"15":{"start":{"line":25,"column":12},"end":{"line":25,"column":94}},"16":{"start":{"line":26,"column":12},"end":{"line":26,"column":68}},"17":{"start":{"line":27,"column":6},"end":{"line":27,"column":73}},"18":{"start":{"line":29,"column":4},"end":{"line":29,"column":64}},"19":{"start":{"line":30,"column":4},"end":{"line":30,"column":122}},"20":{"start":{"line":31,"column":4},"end":{"line":34,"column":5}},"21":{"start":{"line":32,"column":6},"end":{"line":32,"column":104}},"22":{"start":{"line":33,"column":6},"end":{"line":33,"column":12}},"23":{"start":{"line":37,"column":10},"end":{"line":37,"column":32}},"24":{"start":{"line":38,"column":10},"end":{"line":38,"column":95}},"25":{"start":{"line":41,"column":10},"end":{"line":42,"column":72}},"26":{"start":{"line":42,"column":38},"end":{"line":42,"column":71}},"27":{"start":{"line":45,"column":8},"end":{"line":45,"column":40}},"28":{"start":{"line":46,"column":4},"end":{"line":49,"column":5}},"29":{"start":{"line":47,"column":6},"end":{"line":48,"column":79}},"30":{"start":{"line":48,"column":43},"end":{"line":48,"column":78}},"31":{"start":{"line":51,"column":8},"end":{"line":51,"column":94}},"32":{"start":{"line":52,"column":12},"end":{"line":52,"column":81}},"33":{"start":{"line":54,"column":6},"end":{"line":54,"column":96}},"34":{"start":{"line":57,"column":10},"end":{"line":57,"column":32}},"35":{"start":{"line":59,"column":14},"end":{"line":59,"column":61}},"36":{"start":{"line":60,"column":8},"end":{"line":60,"column":78}},"37":{"start":{"line":64,"column":6},"end":{"line":64,"column":133}}},"fnMap":{"0":{"name":"(anonymous_13)","decl":{"start":{"line":6,"column":9},"end":{"line":6,"column":9}},"loc":{"start":{"line":6,"column":26},"end":{"line":67,"column":1}}},"1":{"name":"(anonymous_14)","decl":{"start":{"line":7,"column":139},"end":{"line":7,"column":145}},"loc":{"start":{"line":7,"column":153},"end":{"line":66,"column":3}}},"2":{"name":"(anonymous_17)","decl":{"start":{"line":19,"column":45},"end":{"line":19,"column":45}},"loc":{"start":{"line":19,"column":56},"end":{"line":19,"column":71}}},"3":{"name":"(anonymous_18)","decl":{"start":{"line":21,"column":75},"end":{"line":21,"column":75}},"loc":{"start":{"line":21,"column":89},"end":{"line":21,"column":118}}},"4":{"name":"(anonymous_19)","decl":{"start":{"line":42,"column":14},"end":{"line":42,"column":14}},"loc":{"start":{"line":42,"column":33},"end":{"line":42,"column":71}}},"5":{"name":"(anonymous_20)","decl":{"start":{"line":48,"column":16},"end":{"line":48,"column":16}},"loc":{"start":{"line":48,"column":38},"end":{"line":48,"column":78}}}},"branchMap":{"0":{"loc":{"start":{"line":21,"column":31},"end":{"line":21,"column":53}},"type":"binary-expr","locations":[{"start":{"line":21,"column":31},"end":{"line":21,"column":53}},{"start":{"line":21,"column":57},"end":{"line":21,"column":119}}]},"1":{"loc":{"start":{"line":24,"column":4},"end":{"line":28,"column":5}},"type":"if","locations":[{"start":{"line":24,"column":4},"end":{"line":28,"column":5}},{"start":{"line":24,"column":4},"end":{"line":28,"column":5}}]},"2":{"loc":{"start":{"line":24,"column":8},"end":{"line":24,"column":30}},"type":"binary-expr","locations":[{"start":{"line":24,"column":8},"end":{"line":24,"column":30}},{"start":{"line":24,"column":34},"end":{"line":24,"column":61}}]},"3":{"loc":{"start":{"line":27,"column":32},"end":{"line":27,"column":54}},"type":"binary-expr","locations":[{"start":{"line":27,"column":32},"end":{"line":27,"column":54}},{"start":{"line":27,"column":58},"end":{"line":27,"column":73}}]},"4":{"loc":{"start":{"line":31,"column":4},"end":{"line":34,"column":5}},"type":"if","locations":[{"start":{"line":31,"column":4},"end":{"line":34,"column":5}},{"start":{"line":31,"column":4},"end":{"line":34,"column":5}}]},"5":{"loc":{"start":{"line":31,"column":8},"end":{"line":31,"column":26}},"type":"binary-expr","locations":[{"start":{"line":31,"column":8},"end":{"line":31,"column":26}},{"start":{"line":31,"column":30},"end":{"line":31,"column":54}}]},"6":{"loc":{"start":{"line":38,"column":27},"end":{"line":38,"column":57}},"type":"binary-expr","locations":[{"start":{"line":38,"column":27},"end":{"line":38,"column":57}},{"start":{"line":38,"column":61},"end":{"line":38,"column":95}}]},"7":{"loc":{"start":{"line":46,"column":4},"end":{"line":49,"column":5}},"type":"if","locations":[{"start":{"line":46,"column":4},"end":{"line":49,"column":5}},{"start":{"line":46,"column":4},"end":{"line":49,"column":5}}]},"8":{"loc":{"start":{"line":51,"column":8},"end":{"line":51,"column":42}},"type":"binary-expr","locations":[{"start":{"line":51,"column":8},"end":{"line":51,"column":42}},{"start":{"line":51,"column":46},"end":{"line":51,"column":60}},{"start":{"line":51,"column":64},"end":{"line":51,"column":94}}]}},"s":{"0":1,"1":1,"2":8,"3":8,"4":8,"5":8,"6":8,"7":8,"8":8,"9":16,"10":8,"11":8,"12":3,"13":8,"14":8,"15":1,"16":1,"17":1,"18":8,"19":8,"20":8,"21":1,"22":1,"23":7,"24":7,"25":7,"26":5,"27":7,"28":7,"29":6,"30":1,"31":3,"32":4,"33":8,"34":2,"35":2,"36":4,"37":3},"f":{"0":8,"1":8,"2":16,"3":3,"4":5,"5":1},"b":{"0":[8,3],"1":[1,7],"2":[8,1],"3":[1,1],"4":[1,7],"5":[8,2],"6":[7,7],"7":[6,1],"8":[7,6,5]}}
}
