TN:
SF:/Users/dmytrokhmelenko/autoapproval/src/index.ts
FN:6,(anonymous_13)
FN:7,(anonymous_14)
FN:19,(anonymous_17)
FN:21,(anonymous_18)
FN:42,(anonymous_19)
FN:48,(anonymous_20)
FNF:6
FNH:6
FNDA:8,(anonymous_13)
FNDA:8,(anonymous_14)
FNDA:16,(anonymous_17)
FNDA:3,(anonymous_18)
FNDA:5,(anonymous_19)
FNDA:1,(anonymous_20)
DA:4,1
DA:6,1
DA:7,8
DA:8,8
DA:11,8
DA:12,8
DA:14,8
DA:19,16
DA:20,8
DA:21,8
DA:23,8
DA:24,8
DA:25,1
DA:26,1
DA:27,1
DA:29,8
DA:30,8
DA:31,8
DA:32,1
DA:33,1
DA:37,7
DA:38,7
DA:41,7
DA:42,5
DA:45,7
DA:46,7
DA:47,6
DA:48,1
DA:51,3
DA:52,4
DA:54,8
DA:57,2
DA:59,2
DA:60,4
DA:64,3
LF:35
LH:35
BRDA:21,0,0,8
BRDA:21,0,1,3
BRDA:24,1,0,1
BRDA:24,1,1,7
BRDA:24,2,0,8
BRDA:24,2,1,1
BRDA:27,3,0,1
BRDA:27,3,1,1
BRDA:31,4,0,1
BRDA:31,4,1,7
BRDA:31,5,0,8
BRDA:31,5,1,2
BRDA:38,6,0,7
BRDA:38,6,1,7
BRDA:46,7,0,6
BRDA:46,7,1,1
BRDA:51,8,0,7
BRDA:51,8,1,6
BRDA:51,8,2,5
BRF:19
BRH:19
end_of_record
